#
# A fatal error has been detected by the Java Runtime Environment:
#
#  EXCEPTION_ACCESS_VIOLATION (0xc0000005) at pc=0x000000006d4e0cc8, pid=9496, tid=10060
#
# JRE version: 6.0_33-b03
# Java VM: Java HotSpot(TM) 64-Bit Server VM (20.8-b03 mixed mode windows-amd64 compressed oops)
# Problematic frame:
# C  [jdwp.dll+0x20cc8]
#
# If you would like to submit a bug report, please visit:
#   http://java.sun.com/webapps/bugreport/crash.jsp
# The crash happened outside the Java Virtual Machine in native code.
# See problematic frame for where to report the bug.
#

---------------  T H R E A D  ---------------

Current thread (0x00000000067d0800):  JavaThread "JDWP Command Reader" daemon [_thread_in_native, id=10060, stack(0x0000000007320000,0x0000000007420000)]

siginfo: ExceptionCode=0xc0000005, reading address 0x0000000000000000

Registers:
RAX=0x000000006d4ee570, RBX=0x000000000000000c, RCX=0x0000000000000000, RDX=0x0000000000000028
RSP=0x000000000741f9d0, RBP=0x000000000741fed0, RSI=0x0000000000000004, RDI=0x000000006d313508
R8 =0x000000000741fa48, R9 =0x7efefeff6c4cff6b, R10=0x81010101010100f8, R11=0x8101010101010100
R12=0x0000000000000000, R13=0x0000000000000000, R14=0x000000006d4e72e8, R15=0x0000000000000000
RIP=0x000000006d4e0cc8, EFLAGS=0x0000000000010206

Top of Stack: (sp=0x000000000741f9d0)
0x000000000741f9d0:   000000000741fa58 0000000000012017
0x000000000741f9e0:   000000000741fa08 0000000000000018
0x000000000741f9f0:   0000000000000000 0000000000000000
0x000000000741fa00:   0000000000002714 000000006d3122c4
0x000000000741fa10:   0000000000000001 000007fe00000020
0x000000000741fa20:   0000000000000000 000000006d313508
0x000000000741fa30:   000000000000000c 000000006d311088
0x000000000741fa40:   00000000002013c0 0000000000000000
0x000000000741fa50:   000000000000002b 00000000c0000120
0x000000000741fa60:   7075727265746e49 636e756620646574
0x000000000741fa70:   6c6163206e6f6974 000000006d4e006c
0x000000000741fa80:   0000000000000000 0000000000000000
0x000000000741fa90:   0000000000000264 000007fefdc91649
0x000000000741faa0:   0000000000000264 0000000006bd67d0
0x000000000741fab0:   0000000000000004 000000000741faf4
0x000000000741fac0:   000000000741fb58 0000000000000000 

Instructions: (pc=0x000000006d4e0cc8)
0x000000006d4e0ca8:   83 ec 58 85 c9 48 63 d1 75 07 33 c0 e9 82 00 00
0x000000006d4e0cb8:   00 48 8b 05 f8 df 00 00 4c 8d 44 24 78 48 8b 08
0x000000006d4e0cc8:   48 8b 01 ff 90 68 01 00 00 85 c0 8b d8 74 5f 8b
0x000000006d4e0cd8:   c8 e8 c6 df fe ff 48 8b 0d 03 45 00 00 c7 44 24 


Register to memory mapping:

RAX=0x000000006d4ee570 is an unknown value
RBX=0x000000000000000c is an unknown value
RCX=0x0000000000000000 is an unknown value
RDX=0x0000000000000028 is an unknown value
RSP=0x000000000741f9d0 is pointing into the stack for thread: 0x00000000067d0800
RBP=0x000000000741fed0 is pointing into the stack for thread: 0x00000000067d0800
RSI=0x0000000000000004 is an unknown value
RDI=0x000000006d313508 is an unknown value
R8 =0x000000000741fa48 is pointing into the stack for thread: 0x00000000067d0800
R9 =0x7efefeff6c4cff6b is an unknown value
R10=0x81010101010100f8 is an unknown value
R11=0x8101010101010100 is an unknown value
R12=0x0000000000000000 is an unknown value
R13=0x0000000000000000 is an unknown value
R14=0x000000006d4e72e8 is an unknown value
R15=0x0000000000000000 is an unknown value


Stack: [0x0000000007320000,0x0000000007420000],  sp=0x000000000741f9d0,  free space=1022k
Native frames: (J=compiled Java code, j=interpreted, Vv=VM code, C=native code)
C  [jdwp.dll+0x20cc8]  Agent_OnLoad+0x12f04


---------------  P R O C E S S  ---------------

Java Threads: ( => current thread )
  0x0000000007bac000 JavaThread "Timer-0" daemon [_thread_blocked, id=9788, stack(0x000000000c700000,0x000000000c800000)]
  0x0000000007baa000 JavaThread "MySQL Statement Cancellation Timer" daemon [_thread_blocked, id=2732, stack(0x000000000a430000,0x000000000a530000)]
  0x0000000007f45000 JavaThread "ajp-bio-8009-AsyncTimeout" daemon [_thread_blocked, id=9124, stack(0x0000000009f30000,0x000000000a030000)]
  0x000000000812f800 JavaThread "http-bio-8443-AsyncTimeout" daemon [_thread_blocked, id=9240, stack(0x0000000009d30000,0x0000000009e30000)]
  0x0000000008a1e800 JavaThread "http-bio-8080-AsyncTimeout" daemon [_thread_blocked, id=9292, stack(0x0000000009a30000,0x0000000009b30000)]
  0x0000000007f81800 JavaThread "GC Daemon" daemon [_thread_blocked, id=9336, stack(0x0000000009530000,0x0000000009630000)]
  0x00000000067f4000 JavaThread "Low Memory Detector" daemon [_thread_blocked, id=10028, stack(0x0000000007760000,0x0000000007860000)]
  0x00000000067e6000 JavaThread "C2 CompilerThread1" daemon [_thread_blocked, id=10084, stack(0x0000000007660000,0x0000000007760000)]
  0x00000000067e2800 JavaThread "C2 CompilerThread0" daemon [_thread_blocked, id=10048, stack(0x0000000007560000,0x0000000007660000)]
=>0x00000000067d0800 JavaThread "JDWP Command Reader" daemon [_thread_in_native, id=10060, stack(0x0000000007320000,0x0000000007420000)]
  0x00000000067cd000 JavaThread "JDWP Event Helper Thread" daemon [_thread_blocked, id=10064, stack(0x0000000007100000,0x0000000007200000)]
  0x00000000067c5000 JavaThread "JDWP Transport Listener: dt_socket" daemon [_thread_blocked, id=2524, stack(0x0000000006ef0000,0x0000000006ff0000)]
  0x0000000006775000 JavaThread "Attach Listener" daemon [_thread_blocked, id=9832, stack(0x0000000006a60000,0x0000000006b60000)]
  0x000000000052d800 JavaThread "Finalizer" daemon [_thread_blocked, id=8064, stack(0x0000000006660000,0x0000000006760000)]
  0x0000000000526800 JavaThread "Reference Handler" daemon [_thread_blocked, id=10200, stack(0x0000000006560000,0x0000000006660000)]

Other Threads:
  0x0000000000520800 VMThread [stack: 0x0000000006460000,0x0000000006560000] [id=9984]

VM state:at safepoint (normal execution)

VM Mutex/Monitor currently owned by a thread:  ([mutex/lock_event])
[0x000000000062a780] Threads_lock - owner thread: 0x0000000000520800
[0x000000000062ac80] Heap_lock - owner thread: 0x0000000007bab800

Heap
 PSYoungGen      total 47616K, used 21261K [0x00000007d5cb0000, 0x00000007dc4b0000, 0x0000000800000000)
  eden space 47488K, 44% used [0x00000007d5cb0000,0x00000007d7173498,0x00000007d8b10000)
  from space 128K, 0% used [0x00000007dc490000,0x00000007dc490000,0x00000007dc4b0000)
  to   space 4864K, 0% used [0x00000007dbb30000,0x00000007dbb30000,0x00000007dbff0000)
 PSOldGen        total 86400K, used 10269K [0x0000000781600000, 0x0000000786a60000, 0x00000007d5cb0000)
  object space 86400K, 11% used [0x0000000781600000,0x0000000782007778,0x0000000786a60000)
 PSPermGen       total 63104K, used 34274K [0x000000077c400000, 0x00000007801a0000, 0x0000000781600000)
  object space 63104K, 54% used [0x000000077c400000,0x000000077e578a00,0x00000007801a0000)

Code Cache  [0x0000000002440000, 0x0000000002860000, 0x0000000005440000)
 total_blobs=1157 nmethods=772 adapters=345 free_code_cache=46079040 largest_free_block=7360

Dynamic libraries:
0x0000000000400000 - 0x000000000042f000 	C:\Program Files\Java\jdk1.6.0_33\bin\javaw.exe
0x0000000077480000 - 0x0000000077629000 	C:\windows\SYSTEM32\ntdll.dll
0x0000000076f10000 - 0x000000007702f000 	C:\windows\system32\kernel32.dll
0x000007fefd950000 - 0x000007fefd9bc000 	C:\windows\system32\KERNELBASE.dll
0x000007feff560000 - 0x000007feff63b000 	C:\windows\system32\ADVAPI32.dll
0x000007feff120000 - 0x000007feff1bf000 	C:\windows\system32\msvcrt.dll
0x000007fefdbb0000 - 0x000007fefdbcf000 	C:\windows\SYSTEM32\sechost.dll
0x000007feff220000 - 0x000007feff34d000 	C:\windows\system32\RPCRT4.dll
0x0000000077380000 - 0x000000007747a000 	C:\windows\system32\USER32.dll
0x000007feff720000 - 0x000007feff787000 	C:\windows\system32\GDI32.dll
0x000007fefdbf0000 - 0x000007fefdbfe000 	C:\windows\system32\LPK.dll
0x000007fefebf0000 - 0x000007fefecb9000 	C:\windows\system32\USP10.dll
0x000007feff0f0000 - 0x000007feff11e000 	C:\windows\system32\IMM32.DLL
0x000007fefeae0000 - 0x000007fefebe9000 	C:\windows\system32\MSCTF.dll
0x000007fefd670000 - 0x000007fefd6b0000 	C:\windows\system32\nvinitx.dll
0x000000006d8b0000 - 0x000000006e068000 	C:\Program Files\Java\jdk1.6.0_33\jre\bin\server\jvm.dll
0x000007fefdab0000 - 0x000007fefdaeb000 	C:\windows\system32\WINMM.dll
0x000000006d820000 - 0x000000006d82e000 	C:\Program Files\Java\jdk1.6.0_33\jre\bin\verify.dll
0x000000006d450000 - 0x000000006d477000 	C:\Program Files\Java\jdk1.6.0_33\jre\bin\java.dll
0x000000006d4c0000 - 0x000000006d4f4000 	C:\Program Files\Java\jdk1.6.0_33\jre\bin\jdwp.dll
0x000000006d6e0000 - 0x000000006d6e8000 	C:\Program Files\Java\jdk1.6.0_33\jre\bin\npt.dll
0x000000006d870000 - 0x000000006d882000 	C:\Program Files\Java\jdk1.6.0_33\jre\bin\zip.dll
0x000000006d310000 - 0x000000006d319000 	C:\Program Files\Java\jdk1.6.0_33\jre\bin\dt_socket.dll
0x000007fefdc80000 - 0x000007fefdccd000 	C:\windows\system32\WS2_32.dll
0x000007fefef40000 - 0x000007fefef48000 	C:\windows\system32\NSI.dll
0x000007fefaf70000 - 0x000007fefaf85000 	C:\windows\system32\NLAapi.dll
0x000007fef77f0000 - 0x000007fef7805000 	C:\windows\system32\napinsp.dll
0x000007fef7710000 - 0x000007fef7729000 	C:\windows\system32\pnrpnsp.dll
0x000007fefcee0000 - 0x000007fefcf35000 	C:\windows\System32\mswsock.dll
0x000007fefcd60000 - 0x000007fefcdbb000 	C:\windows\system32\DNSAPI.dll
0x000007fef7700000 - 0x000007fef770b000 	C:\windows\System32\winrnr.dll
0x000007fef76f0000 - 0x000007fef7700000 	C:\windows\system32\wshbth.dll
0x000007fefb1b0000 - 0x000007fefb1d7000 	C:\windows\system32\IPHLPAPI.DLL
0x000007fefb1a0000 - 0x000007fefb1ab000 	C:\windows\system32\WINNSI.DLL
0x000007fefa8e0000 - 0x000007fefa933000 	C:\windows\System32\fwpuclnt.dll
0x000007fef7840000 - 0x000007fef7848000 	C:\windows\system32\rasadhlp.dll
0x000007fefc880000 - 0x000007fefc887000 	C:\windows\System32\wshtcpip.dll
0x000000006d5f0000 - 0x000000006d5fa000 	C:\Program Files\Java\jdk1.6.0_33\jre\bin\management.dll
0x000000006d6b0000 - 0x000000006d6c7000 	C:\Program Files\Java\jdk1.6.0_33\jre\bin\net.dll
0x000007fefced0000 - 0x000007fefced7000 	C:\windows\System32\wship6.dll
0x000007fefcf40000 - 0x000007fefcf57000 	C:\windows\system32\CRYPTSP.dll
0x000007fefcc40000 - 0x000007fefcc87000 	C:\windows\system32\rsaenh.dll
0x000007fefc9c0000 - 0x000007fefc9de000 	C:\windows\system32\USERENV.dll
0x000007fefd6b0000 - 0x000007fefd6bf000 	C:\windows\system32\profapi.dll
0x000007fefd5a0000 - 0x000007fefd5af000 	C:\windows\system32\CRYPTBASE.dll
0x0000000077650000 - 0x0000000077657000 	C:\windows\system32\PSAPI.DLL

VM Arguments:
jvm_args: -agentlib:jdwp=transport=dt_socket,suspend=y,address=localhost:5452 -Dcatalina.base=D:\eclipse3\workspace\.metadata\.plugins\org.eclipse.wst.server.core\tmp0 -Dcatalina.home=D:\server\apache-tomcat3-7.0.27 -Dwtp.deploy=D:\eclipse3\workspace\.metadata\.plugins\org.eclipse.wst.server.core\tmp0\wtpwebapps -Djava.endorsed.dirs=D:\server\apache-tomcat3-7.0.27\endorsed -Dfile.encoding=UTF-8 
java_command: org.apache.catalina.startup.Bootstrap start
Launcher Type: SUN_STANDARD

Environment Variables:
JAVA_HOME=C:\Program Files\Java\jdk1.6.0_33
PATH=C:\Program Files\Java\jdk1.6.0_33\jre\bin;C:\Program Files (x86)\NVIDIA Corporation\PhysX\Common;D:\parttime-job\Oracle10g\bin;D:\parttime-job\OraClient;C:\windows\system32;C:\windows;C:\windows\System32\Wbem;C:\windows\System32\WindowsPowerShell\v1.0\;C:\Program Files (x86)\Common Files\Thunder Network\KanKan\Codecs;C:\Program Files (x86)\ATI Technologies\ATI.ACE\Core-Static;C:\Program Files (x86)\Windows7Master;C:\Program Files (x86)\Microsoft SQL Server\100\Tools\Binn\;C:\Program Files\Microsoft SQL Server\100\Tools\Binn\;C:\Program Files\Microsoft SQL Server\100\DTS\Binn\
USERNAME=Administrator
OS=Windows_NT
PROCESSOR_IDENTIFIER=Intel64 Family 6 Model 42 Stepping 7, GenuineIntel



---------------  S Y S T E M  ---------------

OS: Windows 7 , 64 bit Build 7601 Service Pack 1

CPU:total 4 (2 cores per cpu, 2 threads per core) family 6 model 42 stepping 7, cmov, cx8, fxsr, mmx, sse, sse2, sse3, ssse3, sse4.1, sse4.2, popcnt, ht

Memory: 4k page, physical 8292404k(4561288k free), swap 16582952k(12045800k free)

vm_info: Java HotSpot(TM) 64-Bit Server VM (20.8-b03) for windows-amd64 JRE (1.6.0_33-b03), built on May  9 2012 12:47:08 by "java_re" with MS VC++ 8.0 (VS2005)

time: Sun Jun 09 15:40:46 2013
elapsed time: 7621 seconds

