!SESSION 2014-03-03 10:30:16.338 -----------------------------------------------
eclipse.buildId=M20120208-0800
java.version=1.6.0_10-rc2
java.vendor=Sun Microsystems Inc.
BootLoader constants: OS=win32, ARCH=x86_64, WS=win32, NL=zh_CN
Framework arguments:  -product org.eclipse.epp.package.jee.product
Command-line arguments:  -os win32 -ws win32 -arch x86_64 -product org.eclipse.epp.package.jee.product

!ENTRY org.eclipse.osgi 4 0 2014-03-03 10:30:23.857
!MESSAGE Application error
!STACK 1
java.lang.UnsatisfiedLinkError: Cannot load 64-bit SWT libraries on 32-bit JVM
	at org.eclipse.swt.internal.Library.loadLibrary(Library.java:214)
	at org.eclipse.swt.internal.Library.loadLibrary(Library.java:194)
	at org.eclipse.swt.internal.C.<clinit>(C.java:21)
	at org.eclipse.swt.widgets.Display.<clinit>(Display.java:138)
	at org.eclipse.ui.internal.Workbench.createDisplay(Workbench.java:695)
	at org.eclipse.ui.PlatformUI.createDisplay(PlatformUI.java:161)
	at org.eclipse.ui.internal.ide.application.IDEApplication.createDisplay(IDEApplication.java:153)
	at org.eclipse.ui.internal.ide.application.IDEApplication.start(IDEApplication.java:95)
	at org.eclipse.equinox.internal.app.EclipseAppHandle.run(EclipseAppHandle.java:196)
	at org.eclipse.core.runtime.internal.adaptor.EclipseAppLauncher.runApplication(EclipseAppLauncher.java:110)
	at org.eclipse.core.runtime.internal.adaptor.EclipseAppLauncher.start(EclipseAppLauncher.java:79)
	at org.eclipse.core.runtime.adaptor.EclipseStarter.run(EclipseStarter.java:344)
	at org.eclipse.core.runtime.adaptor.EclipseStarter.run(EclipseStarter.java:179)
	at sun.reflect.NativeMethodAccessorImpl.invoke0(Native Method)
	at sun.reflect.NativeMethodAccessorImpl.invoke(NativeMethodAccessorImpl.java:39)
	at sun.reflect.DelegatingMethodAccessorImpl.invoke(DelegatingMethodAccessorImpl.java:25)
	at java.lang.reflect.Method.invoke(Method.java:597)
	at org.eclipse.equinox.launcher.Main.invokeFramework(Main.java:622)
	at org.eclipse.equinox.launcher.Main.basicRun(Main.java:577)
	at org.eclipse.equinox.launcher.Main.run(Main.java:1410)
	at org.eclipse.equinox.launcher.Main.main(Main.java:1386)
